<?xml version="1.0" encoding="UTF-8"?>
<testng-results skipped="0" failed="0" ignored="0" total="1" passed="1">
  <reporter-output>
  </reporter-output>
  <suite name="inetBanking" duration-ms="88273" started-at="2020-03-11T10:55:12Z" finished-at="2020-03-11T10:56:40Z">
    <groups>
    </groups>
    <test name="BankingApp Test" duration-ms="88273" started-at="2020-03-11T10:55:12Z" finished-at="2020-03-11T10:56:40Z">
      <class name="com.inetBanking.testCases.TC_AddCustomerTest_003">
        <test-method status="PASS" signature="setup(java.lang.String)[pri:0, instance:com.inetBanking.testCases.TC_AddCustomerTest_003@30c7da1e]" name="setup" is-config="true" duration-ms="64882" started-at="2020-03-11T10:55:13Z" finished-at="2020-03-11T10:56:18Z">
          <params>
            <param index="0">
              <value>
                <![CDATA[chrome]]>
              </value>
            </param>
          </params>
          <reporter-output>
          </reporter-output>
        </test-method> <!-- setup -->
        <test-method status="PASS" signature="addNewCustomer()[pri:0, instance:com.inetBanking.testCases.TC_AddCustomerTest_003@30c7da1e]" name="addNewCustomer" duration-ms="21242" started-at="2020-03-11T10:56:18Z" finished-at="2020-03-11T10:56:39Z">
          <reporter-output>
          </reporter-output>
        </test-method> <!-- addNewCustomer -->
        <test-method status="PASS" signature="teardown()[pri:0, instance:com.inetBanking.testCases.TC_AddCustomerTest_003@30c7da1e]" name="teardown" is-config="true" duration-ms="995" started-at="2020-03-11T10:56:39Z" finished-at="2020-03-11T10:56:40Z">
          <reporter-output>
          </reporter-output>
        </test-method> <!-- teardown -->
      </class> <!-- com.inetBanking.testCases.TC_AddCustomerTest_003 -->
    </test> <!-- BankingApp Test -->
  </suite> <!-- inetBanking -->
</testng-results>
